Using pre-set license
Built from '2021.3/staging' branch; Version is '2021.3.5f1 (40eb3a945986) revision 4254522'; Using compiler version '192829333'; Build Type 'Release'
OS: 'Windows 10  (10.0.19045) 64bit Professional' Language: 'uk' Physical Memory: 8132 MB
BatchMode: 1, IsHumanControllingUs: 0, StartBugReporterOnCrash: 0, Is64bit: 1, IsPro: 1

COMMAND LINE ARGUMENTS:
F:\Unity\2021.3.5f1\Editor\Unity.exe
-adb2
-batchMode
-noUpm
-name
AssetImportWorker0
-projectPath
F:/Unity/MyProject/3D_Arena_Project/3D_Arena_Project
-logFile
Logs/AssetImportWorker0.log
-srvPort
51417
Successfully changed project path to: F:/Unity/MyProject/3D_Arena_Project/3D_Arena_Project
F:/Unity/MyProject/3D_Arena_Project/3D_Arena_Project
[UnityMemory] Configuration Parameters - Can be set up in boot.config
    "memorysetup-bucket-allocator-granularity=16"
    "memorysetup-bucket-allocator-bucket-count=8"
    "memorysetup-bucket-allocator-block-size=33554432"
    "memorysetup-bucket-allocator-block-count=8"
    "memorysetup-main-allocator-block-size=16777216"
    "memorysetup-thread-allocator-block-size=16777216"
    "memorysetup-gfx-main-allocator-block-size=16777216"
    "memorysetup-gfx-thread-allocator-block-size=16777216"
    "memorysetup-cache-allocator-block-size=4194304"
    "memorysetup-typetree-allocator-block-size=2097152"
    "memorysetup-profiler-bucket-allocator-granularity=16"
    "memorysetup-profiler-bucket-allocator-bucket-count=8"
    "memorysetup-profiler-bucket-allocator-block-size=33554432"
    "memorysetup-profiler-bucket-allocator-block-count=8"
    "memorysetup-profiler-allocator-block-size=16777216"
    "memorysetup-profiler-editor-allocator-block-size=1048576"
    "memorysetup-temp-allocator-size-main=16777216"
    "memorysetup-job-temp-allocator-block-size=2097152"
    "memorysetup-job-temp-allocator-block-size-background=1048576"
    "memorysetup-job-temp-allocator-reduction-small-platforms=262144"
    "memorysetup-temp-allocator-size-background-worker=32768"
    "memorysetup-temp-allocator-size-job-worker=262144"
    "memorysetup-temp-allocator-size-preload-manager=33554432"
    "memorysetup-temp-allocator-size-nav-mesh-worker=65536"
    "memorysetup-temp-allocator-size-audio-worker=65536"
    "memorysetup-temp-allocator-size-cloud-worker=32768"
    "memorysetup-temp-allocator-size-gi-baking-worker=262144"
    "memorysetup-temp-allocator-size-gfx=262144"
Refreshing native plugins compatible for Editor in 71.72 ms, found 2 plugins.
Preloading 0 native plugins for Editor in 0.00 ms.
Initialize engine version: 2021.3.5f1 (40eb3a945986)
[Subsystems] Discovering subsystems at path F:/Unity/2021.3.5f1/Editor/Data/Resources/UnitySubsystems
[Subsystems] Discovering subsystems at path F:/Unity/MyProject/3D_Arena_Project/3D_Arena_Project/Assets
GfxDevice: creating device client; threaded=0; jobified=0
Direct3D:
    Version:  Direct3D 11.0 [level 11.0]
    Renderer: NVIDIA GeForce GTX 750 Ti (ID=0x1380)
    Vendor:   NVIDIA
    VRAM:     2007 MB
    Driver:   31.0.15.1694
Initialize mono
Mono path[0] = 'F:/Unity/2021.3.5f1/Editor/Data/Managed'
Mono path[1] = 'F:/Unity/2021.3.5f1/Editor/Data/MonoBleedingEdge/lib/mono/unityjit-win32'
Mono config path = 'F:/Unity/2021.3.5f1/Editor/Data/MonoBleedingEdge/etc'
Using monoOptions --debugger-agent=transport=dt_socket,embedding=1,server=y,suspend=n,address=127.0.0.1:56244
Begin MonoManager ReloadAssembly
Registering precompiled unity dll's ...
Register platform support module: F:/Unity/2021.3.5f1/Editor/Data/PlaybackEngines/AndroidPlayer/UnityEditor.Android.Extensions.dll
Register platform support module: F:/Unity/2021.3.5f1/Editor/Data/PlaybackEngines/WindowsStandaloneSupport/UnityEditor.WindowsStandalone.Extensions.dll
Registered in 0.004741 seconds.
Native extension for WindowsStandalone target not found
Native extension for Android target not found
Refreshing native plugins compatible for Editor in 78.84 ms, found 2 plugins.
Preloading 0 native plugins for Editor in 0.00 ms.
Mono: successfully reloaded assembly
- Completed reload, in  1.071 seconds
Domain Reload Profiling:
	ReloadAssembly (1072ms)
		BeginReloadAssembly (111ms)
			ExecutionOrderSort (0ms)
			DisableScriptedObjects (0ms)
			BackupInstance (0ms)
			ReleaseScriptingObjects (0ms)
			CreateAndSetChildDomain (1ms)
		EndReloadAssembly (804ms)
			LoadAssemblies (110ms)
			RebuildTransferFunctionScriptingTraits (0ms)
			SetupTypeCache (178ms)
			ReleaseScriptCaches (0ms)
			RebuildScriptCaches (66ms)
			SetupLoadedEditorAssemblies (472ms)
				LogAssemblyErrors (0ms)
				InitializePlatformSupportModulesInManaged (101ms)
				SetLoadedEditorAssemblies (1ms)
				RefreshPlugins (79ms)
				BeforeProcessingInitializeOnLoad (3ms)
				ProcessInitializeOnLoadAttributes (204ms)
				ProcessInitializeOnLoadMethodAttributes (84ms)
				AfterProcessingInitializeOnLoad (0ms)
				EditorAssembliesLoaded (0ms)
			ExecutionOrderSort2 (0ms)
			AwakeInstancesAfterBackupRestoration (0ms)
Platform modules already initialized, skipping
Registering precompiled user dll's ...
Registered in 0.004939 seconds.
Begin MonoManager ReloadAssembly
Native extension for WindowsStandalone target not found
Native extension for Android target not found
Refreshing native plugins compatible for Editor in 0.95 ms, found 2 plugins.
Preloading 0 native plugins for Editor in 0.00 ms.
Package Manager log level set to [2]
Mono: successfully reloaded assembly
- Completed reload, in  1.705 seconds
Domain Reload Profiling:
	ReloadAssembly (1706ms)
		BeginReloadAssembly (286ms)
			ExecutionOrderSort (0ms)
			DisableScriptedObjects (9ms)
			BackupInstance (0ms)
			ReleaseScriptingObjects (0ms)
			CreateAndSetChildDomain (142ms)
		EndReloadAssembly (1246ms)
			LoadAssemblies (120ms)
			RebuildTransferFunctionScriptingTraits (0ms)
			SetupTypeCache (299ms)
			ReleaseScriptCaches (1ms)
			RebuildScriptCaches (83ms)
			SetupLoadedEditorAssemblies (692ms)
				LogAssemblyErrors (0ms)
				InitializePlatformSupportModulesInManaged (19ms)
				SetLoadedEditorAssemblies (1ms)
				RefreshPlugins (1ms)
				BeforeProcessingInitializeOnLoad (99ms)
				ProcessInitializeOnLoadAttributes (339ms)
				ProcessInitializeOnLoadMethodAttributes (228ms)
				AfterProcessingInitializeOnLoad (4ms)
				EditorAssembliesLoaded (0ms)
			ExecutionOrderSort2 (0ms)
			AwakeInstancesAfterBackupRestoration (8ms)
Platform modules already initialized, skipping
========================================================================
Worker process is ready to serve import requests
Launched and connected shader compiler UnityShaderCompiler.exe after 0.08 seconds
Refreshing native plugins compatible for Editor in 1.49 ms, found 2 plugins.
Preloading 0 native plugins for Editor in 0.00 ms.
Unloading 2312 Unused Serialized files (Serialized files now loaded: 0)
Unloading 58 unused Assets / (56.7 KB). Loaded Objects now: 2750.
Memory consumption went from 89.0 MB to 89.0 MB.
Total: 11.367800 ms (FindLiveObjects: 0.429300 ms CreateObjectMapping: 0.131900 ms MarkObjects: 10.647800 ms  DeleteObjects: 0.156700 ms)

AssetImportParameters requested are different than current active one (requested -> active):
  custom:video-decoder-ogg-theora: a1e56fd34408186e4bbccfd4996cb3dc -> 
  custom:container-muxer-webm: aa71ff27fc2769a1b78a27578f13a17b -> 
  custom:container-demuxer-webm: 4f35f7cbe854078d1ac9338744f61a02 -> 
  custom:video-encoder-webm-vp8: eb34c28f22e8b96e1ab97ce403110664 -> 
  custom:audio-encoder-webm-vorbis: bf7c407c2cedff20999df2af8eb42d56 -> 
  custom:framework-win-MediaFoundation: 216162199b28c13a410421893ffa2e32 -> 
  custom:container-demuxer-ogg: 62fdf1f143b41e24485cea50d1cbac27 -> 
  custom:video-decoder-webm-vp8: 9c59270c3fd7afecdb556c50c9e8de78 -> 
  custom:audio-decoder-ogg-vorbis: bf7c407c2cedff20999df2af8eb42d56 -> 
========================================================================
Received Import Request.
  Time since last request: 273693.202979 seconds.
  path: Assets/Materials
  artifactKey: Guid(b94c4c82c2135604aa1415d09a16c984) Importer(815301076,1909f56bfc062723c751e8b465ee728b)
Start importing Assets/Materials using Guid(b94c4c82c2135604aa1415d09a16c984) Importer(815301076,1909f56bfc062723c751e8b465ee728b)  -> (artifact id: '26b4bc497d1ef053a04c9247885bb15b') in 0.018551 seconds 
========================================================================
Received Import Request.
  Time since last request: 0.000032 seconds.
  path: Assets/Materials/Red.mat
  artifactKey: Guid(c2b64f5d9b799374c8641662c6e23355) Importer(815301076,1909f56bfc062723c751e8b465ee728b)
Start importing Assets/Materials/Red.mat using Guid(c2b64f5d9b799374c8641662c6e23355) Importer(815301076,1909f56bfc062723c751e8b465ee728b)  -> (artifact id: '86831443df5ee2c24af09b972a5cc5fc') in 0.460723 seconds 
========================================================================
Received Import Request.
  Time since last request: 0.000035 seconds.
  path: Assets/Materials/Arena.mat
  artifactKey: Guid(3e2c86e2ab648f94a9dc7ef9dee42757) Importer(815301076,1909f56bfc062723c751e8b465ee728b)
Start importing Assets/Materials/Arena.mat using Guid(3e2c86e2ab648f94a9dc7ef9dee42757) Importer(815301076,1909f56bfc062723c751e8b465ee728b)  -> (artifact id: '4770faa352f4d243267a0c8b57c2cb69') in 0.032344 seconds 
========================================================================
Received Import Request.
  Time since last request: 0.000045 seconds.
  path: Assets/Materials/Blue.mat
  artifactKey: Guid(8f05751f77bc9ba4e8261bd8f356e88b) Importer(815301076,1909f56bfc062723c751e8b465ee728b)
Start importing Assets/Materials/Blue.mat using Guid(8f05751f77bc9ba4e8261bd8f356e88b) Importer(815301076,1909f56bfc062723c751e8b465ee728b)  -> (artifact id: 'd73050d0489e1006bbe6a53df412bbfc') in 0.028057 seconds 
========================================================================
Received Import Request.
  Time since last request: 0.000034 seconds.
  path: Assets/Materials/Player.mat
  artifactKey: Guid(1e78d6e1f9675ca47b00d72c5d1f21cd) Importer(815301076,1909f56bfc062723c751e8b465ee728b)
Start importing Assets/Materials/Player.mat using Guid(1e78d6e1f9675ca47b00d72c5d1f21cd) Importer(815301076,1909f56bfc062723c751e8b465ee728b)  -> (artifact id: 'd78def00da3f0982ab2886aa997824ff') in 0.025773 seconds 
========================================================================
Received Import Request.
  Time since last request: 0.000025 seconds.
  path: Assets/Scenes
  artifactKey: Guid(4f704ae4b4f98ae41a0bce26658850c1) Importer(815301076,1909f56bfc062723c751e8b465ee728b)
Start importing Assets/Scenes using Guid(4f704ae4b4f98ae41a0bce26658850c1) Importer(815301076,1909f56bfc062723c751e8b465ee728b)  -> (artifact id: 'cefd756a7c575ccc44c568131cef5c36') in 0.015456 seconds 
========================================================================
Received Import Request.
  Time since last request: 7.393430 seconds.
  path: Assets/Resources
  artifactKey: Guid(aa3e8e87c53321e48bf901244c7f8941) Importer(815301076,1909f56bfc062723c751e8b465ee728b)
Start importing Assets/Resources using Guid(aa3e8e87c53321e48bf901244c7f8941) Importer(815301076,1909f56bfc062723c751e8b465ee728b)  -> (artifact id: 'd46c213d6f1b59e6894f36d7877fdf69') in 0.016031 seconds 
========================================================================
Received Import Request.
  Time since last request: 1.820671 seconds.
  path: Assets/Resources/BillingMode.json
  artifactKey: Guid(dafd2698529fea64f87eb8069296249b) Importer(815301076,1909f56bfc062723c751e8b465ee728b)
Start importing Assets/Resources/BillingMode.json using Guid(dafd2698529fea64f87eb8069296249b) Importer(815301076,1909f56bfc062723c751e8b465ee728b)  -> (artifact id: '7adfb2db4ecc6c696573ecbe82e0d3bb') in 0.026706 seconds 
========================================================================
Received Import Request.
  Time since last request: 130.689982 seconds.
  path: Assets
  artifactKey: Guid(00000000000000001000000000000000) Importer(815301076,1909f56bfc062723c751e8b465ee728b)
Start importing Assets using Guid(00000000000000001000000000000000) Importer(815301076,1909f56bfc062723c751e8b465ee728b)  -> (artifact id: '79842766b460edbeab6a34051e857a80') in 0.014412 seconds 
========================================================================
Received Import Request.
  Time since last request: 12.152836 seconds.
  path: Assets/Player
  artifactKey: Guid(0c3419fbf601e834386639bec05ca3a1) Importer(815301076,1909f56bfc062723c751e8b465ee728b)
Start importing Assets/Player using Guid(0c3419fbf601e834386639bec05ca3a1) Importer(815301076,1909f56bfc062723c751e8b465ee728b)  -> (artifact id: '6514f2e64b0084d2e08d438916d58eab') in 0.004113 seconds 
========================================================================
Received Import Request.
  Time since last request: 37.865589 seconds.
  path: Assets/Enemy
  artifactKey: Guid(7c3a189d37f999d478efc933df45a016) Importer(815301076,1909f56bfc062723c751e8b465ee728b)
Start importing Assets/Enemy using Guid(7c3a189d37f999d478efc933df45a016) Importer(815301076,1909f56bfc062723c751e8b465ee728b)  -> (artifact id: '9db08df19efb028a25f554e0fac098ee') in 0.015370 seconds 
========================================================================
Received Import Request.
  Time since last request: 20.599238 seconds.
  path: Assets/Enviroment
  artifactKey: Guid(29e87989d5f51954d870de000c49cb82) Importer(815301076,1909f56bfc062723c751e8b465ee728b)
Start importing Assets/Enviroment using Guid(29e87989d5f51954d870de000c49cb82) Importer(815301076,1909f56bfc062723c751e8b465ee728b)  -> (artifact id: '780d446f5b7b7560820d60a776e78c43') in 0.014354 seconds 
========================================================================
Received Prepare
Registering precompiled user dll's ...
Registered in 0.010412 seconds.
Begin MonoManager ReloadAssembly
Native extension for WindowsStandalone target not found
Native extension for Android target not found
Refreshing native plugins compatible for Editor in 1.94 ms, found 2 plugins.
Preloading 0 native plugins for Editor in 0.00 ms.
Mono: successfully reloaded assembly
- Completed reload, in  2.187 seconds
Domain Reload Profiling:
	ReloadAssembly (2188ms)
		BeginReloadAssembly (212ms)
			ExecutionOrderSort (0ms)
			DisableScriptedObjects (9ms)
			BackupInstance (0ms)
			ReleaseScriptingObjects (0ms)
			CreateAndSetChildDomain (56ms)
		EndReloadAssembly (1731ms)
			LoadAssemblies (160ms)
			RebuildTransferFunctionScriptingTraits (0ms)
			SetupTypeCache (425ms)
			ReleaseScriptCaches (3ms)
			RebuildScriptCaches (121ms)
			SetupLoadedEditorAssemblies (915ms)
				LogAssemblyErrors (0ms)
				InitializePlatformSupportModulesInManaged (46ms)
				SetLoadedEditorAssemblies (1ms)
				RefreshPlugins (2ms)
				BeforeProcessingInitializeOnLoad (149ms)
				ProcessInitializeOnLoadAttributes (501ms)
				ProcessInitializeOnLoadMethodAttributes (209ms)
				AfterProcessingInitializeOnLoad (6ms)
				EditorAssembliesLoaded (0ms)
			ExecutionOrderSort2 (0ms)
			AwakeInstancesAfterBackupRestoration (10ms)
Platform modules already initialized, skipping
Refreshing native plugins compatible for Editor in 5.73 ms, found 2 plugins.
Preloading 0 native plugins for Editor in 0.00 ms.
Unloading 2466 Unused Serialized files (Serialized files now loaded: 0)
Unloading 49 unused Assets / (121.0 KB). Loaded Objects now: 2961.
Memory consumption went from 99.2 MB to 99.1 MB.
Total: 9.103200 ms (FindLiveObjects: 0.229600 ms CreateObjectMapping: 0.083600 ms MarkObjects: 8.673000 ms  DeleteObjects: 0.115000 ms)

AssetImportParameters requested are different than current active one (requested -> active):
  custom:video-decoder-ogg-theora: a1e56fd34408186e4bbccfd4996cb3dc -> 
  custom:container-muxer-webm: aa71ff27fc2769a1b78a27578f13a17b -> 
  custom:container-demuxer-webm: 4f35f7cbe854078d1ac9338744f61a02 -> 
  custom:video-encoder-webm-vp8: eb34c28f22e8b96e1ab97ce403110664 -> 
  custom:audio-encoder-webm-vorbis: bf7c407c2cedff20999df2af8eb42d56 -> 
  custom:framework-win-MediaFoundation: 216162199b28c13a410421893ffa2e32 -> 
  custom:container-demuxer-ogg: 62fdf1f143b41e24485cea50d1cbac27 -> 
  custom:video-decoder-webm-vp8: 9c59270c3fd7afecdb556c50c9e8de78 -> 
  custom:audio-decoder-ogg-vorbis: bf7c407c2cedff20999df2af8eb42d56 -> 
========================================================================
Received Import Request.
  Time since last request: 146.398101 seconds.
  path: Assets/Enviroment/Prefab
  artifactKey: Guid(284f9f2150653f245a6d46b688a7a07f) Importer(815301076,1909f56bfc062723c751e8b465ee728b)
Start importing Assets/Enviroment/Prefab using Guid(284f9f2150653f245a6d46b688a7a07f) Importer(815301076,1909f56bfc062723c751e8b465ee728b)  -> (artifact id: '4566933186bfab9667a538ce403331f0') in 0.019768 seconds 
========================================================================
Received Import Request.
  Time since last request: 79.821972 seconds.
  path: Assets/Enviroment/Prefab/Cube (1).prefab
  artifactKey: Guid(c01e5fb9045cd534280df4057a697b8c) Importer(815301076,1909f56bfc062723c751e8b465ee728b)
Start importing Assets/Enviroment/Prefab/Cube (1).prefab using Guid(c01e5fb9045cd534280df4057a697b8c) Importer(815301076,1909f56bfc062723c751e8b465ee728b)  -> (artifact id: '6476d1855efb09c18b46309937df11fd') in 0.165257 seconds 
========================================================================
Received Import Request.
  Time since last request: 0.000045 seconds.
  path: Assets/Enviroment/Prefab/Cylinder (1).prefab
  artifactKey: Guid(d9705684cf086674a8ad47c88301db35) Importer(815301076,1909f56bfc062723c751e8b465ee728b)
Start importing Assets/Enviroment/Prefab/Cylinder (1).prefab using Guid(d9705684cf086674a8ad47c88301db35) Importer(815301076,1909f56bfc062723c751e8b465ee728b)  -> (artifact id: 'b33b8762f40d9ab860a14e2dc1c0c47b') in 0.032118 seconds 
========================================================================
Received Import Request.
  Time since last request: 0.000037 seconds.
  path: Assets/Enviroment/Prefab/Cube.prefab
  artifactKey: Guid(43f01829ba84db549ae3ec2b5d2bd0e3) Importer(815301076,1909f56bfc062723c751e8b465ee728b)
Start importing Assets/Enviroment/Prefab/Cube.prefab using Guid(43f01829ba84db549ae3ec2b5d2bd0e3) Importer(815301076,1909f56bfc062723c751e8b465ee728b)  -> (artifact id: 'a408dbbfa5018263d811ace2f36bca8e') in 0.029401 seconds 
========================================================================
Received Import Request.
  Time since last request: 0.000038 seconds.
  path: Assets/Enviroment/Prefab/Cylinder (7).prefab
  artifactKey: Guid(c225977828b381140ac29a90d3e272a3) Importer(815301076,1909f56bfc062723c751e8b465ee728b)
Start importing Assets/Enviroment/Prefab/Cylinder (7).prefab using Guid(c225977828b381140ac29a90d3e272a3) Importer(815301076,1909f56bfc062723c751e8b465ee728b)  -> (artifact id: '5ee26b40f79e56dfee46e369ab09ba64') in 0.027849 seconds 
========================================================================
Received Import Request.
  Time since last request: 0.000042 seconds.
  path: Assets/Enviroment/Prefab/Cylinder (9).prefab
  artifactKey: Guid(29518375b7fbedb42a6e488beb2d00fb) Importer(815301076,1909f56bfc062723c751e8b465ee728b)
Start importing Assets/Enviroment/Prefab/Cylinder (9).prefab using Guid(29518375b7fbedb42a6e488beb2d00fb) Importer(815301076,1909f56bfc062723c751e8b465ee728b)  -> (artifact id: '9aac721d31df0929cd63f8467e786da2') in 0.026968 seconds 
========================================================================
Received Import Request.
  Time since last request: 0.000037 seconds.
  path: Assets/Enviroment/Prefab/Cylinder (6).prefab
  artifactKey: Guid(fba55af90ab22c543a6235f6fc061660) Importer(815301076,1909f56bfc062723c751e8b465ee728b)
Start importing Assets/Enviroment/Prefab/Cylinder (6).prefab using Guid(fba55af90ab22c543a6235f6fc061660) Importer(815301076,1909f56bfc062723c751e8b465ee728b)  -> (artifact id: 'f5b9f5dfe03b8c2eed26fbb815a8c6f1') in 0.029625 seconds 
========================================================================
Received Import Request.
  Time since last request: 0.000029 seconds.
  path: Assets/Enviroment/Prefab/Cylinder (8).prefab
  artifactKey: Guid(b9b744ec47f869a42880533e9164bb3d) Importer(815301076,1909f56bfc062723c751e8b465ee728b)
Start importing Assets/Enviroment/Prefab/Cylinder (8).prefab using Guid(b9b744ec47f869a42880533e9164bb3d) Importer(815301076,1909f56bfc062723c751e8b465ee728b)  -> (artifact id: 'e5a851d87253a29ef8fcfd36db75ffdd') in 0.028317 seconds 
========================================================================
Received Import Request.
  Time since last request: 0.000037 seconds.
  path: Assets/Enviroment/Prefab/Cylinder (3).prefab
  artifactKey: Guid(c3d324d791991f743a1976b6722c9926) Importer(815301076,1909f56bfc062723c751e8b465ee728b)
Start importing Assets/Enviroment/Prefab/Cylinder (3).prefab using Guid(c3d324d791991f743a1976b6722c9926) Importer(815301076,1909f56bfc062723c751e8b465ee728b)  -> (artifact id: '6937f71cf54b31ec12ca39080716fe17') in 0.032435 seconds 
========================================================================
Received Import Request.
  Time since last request: 0.000037 seconds.
  path: Assets/Enviroment/Prefab/Cylinder (4).prefab
  artifactKey: Guid(4fee22e352ecb7549a8727e381d60ead) Importer(815301076,1909f56bfc062723c751e8b465ee728b)
Start importing Assets/Enviroment/Prefab/Cylinder (4).prefab using Guid(4fee22e352ecb7549a8727e381d60ead) Importer(815301076,1909f56bfc062723c751e8b465ee728b)  -> (artifact id: 'ad123e43abd074bf95bbaf5ef629c352') in 0.023535 seconds 
========================================================================
Received Import Request.
  Time since last request: 0.000045 seconds.
  path: Assets/Enviroment/Prefab/Cylinder.prefab
  artifactKey: Guid(5ca8c1ad683176d4682823d0ebdd8a0e) Importer(815301076,1909f56bfc062723c751e8b465ee728b)
Start importing Assets/Enviroment/Prefab/Cylinder.prefab using Guid(5ca8c1ad683176d4682823d0ebdd8a0e) Importer(815301076,1909f56bfc062723c751e8b465ee728b)  -> (artifact id: 'fb9a64c8deee7dcf9b4f94b01d33384a') in 0.027074 seconds 
========================================================================
Received Import Request.
  Time since last request: 0.000029 seconds.
  path: Assets/Enviroment/Prefab/Cylinder (5).prefab
  artifactKey: Guid(0642d3c240dcb0a45955329580af95c4) Importer(815301076,1909f56bfc062723c751e8b465ee728b)
Start importing Assets/Enviroment/Prefab/Cylinder (5).prefab using Guid(0642d3c240dcb0a45955329580af95c4) Importer(815301076,1909f56bfc062723c751e8b465ee728b)  -> (artifact id: '2302f4b0e803c0e0b9941e585a15563a') in 0.028912 seconds 
========================================================================
Received Import Request.
  Time since last request: 0.000033 seconds.
  path: Assets/Enviroment/Prefab/Cylinder (2).prefab
  artifactKey: Guid(bf60483435d43e04bacdde6c5ed60f3f) Importer(815301076,1909f56bfc062723c751e8b465ee728b)
Start importing Assets/Enviroment/Prefab/Cylinder (2).prefab using Guid(bf60483435d43e04bacdde6c5ed60f3f) Importer(815301076,1909f56bfc062723c751e8b465ee728b)  -> (artifact id: 'e8ecae0af1f1d5931e84ace39f84f2c0') in 0.025910 seconds 
========================================================================
Received Import Request.
  Time since last request: 10.437524 seconds.
  path: Assets/Enviroment/Prefab/Arena.prefab
  artifactKey: Guid(50597db480686d64bb9c980a25205be4) Importer(815301076,1909f56bfc062723c751e8b465ee728b)
Start importing Assets/Enviroment/Prefab/Arena.prefab using Guid(50597db480686d64bb9c980a25205be4) Importer(815301076,1909f56bfc062723c751e8b465ee728b)  -> (artifact id: 'c1f68903b6176cf1f7c02a876dcc6ffd') in 0.054258 seconds 
========================================================================
Received Import Request.
  Time since last request: 32.857601 seconds.
  path: Assets/Enemy/Prefab
  artifactKey: Guid(c6d53d56318a852488333604f59e195a) Importer(815301076,1909f56bfc062723c751e8b465ee728b)
Start importing Assets/Enemy/Prefab using Guid(c6d53d56318a852488333604f59e195a) Importer(815301076,1909f56bfc062723c751e8b465ee728b)  -> (artifact id: '210686ec37a6f1623561d1e95a176d37') in 0.019015 seconds 
========================================================================
Received Import Request.
  Time since last request: 5.615676 seconds.
  path: Assets/Enemy/Prefab/Blue.prefab
  artifactKey: Guid(7921fc4185b44cb449e1d2d205b45a80) Importer(815301076,1909f56bfc062723c751e8b465ee728b)
Start importing Assets/Enemy/Prefab/Blue.prefab using Guid(7921fc4185b44cb449e1d2d205b45a80) Importer(815301076,1909f56bfc062723c751e8b465ee728b)  -> (artifact id: 'cb9021a1e96fff12a7f7508aba5e4264') in 0.028563 seconds 
========================================================================
Received Import Request.
  Time since last request: 0.000035 seconds.
  path: Assets/Enemy/Prefab/Red.prefab
  artifactKey: Guid(959a3bf66a9ceaf42a945aed6f4a15cc) Importer(815301076,1909f56bfc062723c751e8b465ee728b)
Start importing Assets/Enemy/Prefab/Red.prefab using Guid(959a3bf66a9ceaf42a945aed6f4a15cc) Importer(815301076,1909f56bfc062723c751e8b465ee728b)  -> (artifact id: '12e4b6d83e11096e15847b669fa3d299') in 0.033140 seconds 
========================================================================
Received Import Request.
  Time since last request: 8.634656 seconds.
  path: Assets/Enemy/Prefab/RedEnemy.prefab
  artifactKey: Guid(959a3bf66a9ceaf42a945aed6f4a15cc) Importer(815301076,1909f56bfc062723c751e8b465ee728b)
Start importing Assets/Enemy/Prefab/RedEnemy.prefab using Guid(959a3bf66a9ceaf42a945aed6f4a15cc) Importer(815301076,1909f56bfc062723c751e8b465ee728b)  -> (artifact id: '832f689b4a5a7d665d33e99feb47119e') in 0.022784 seconds 
========================================================================
Received Import Request.
  Time since last request: 6.552960 seconds.
  path: Assets/Enemy/Prefab/BlueEnemy.prefab
  artifactKey: Guid(7921fc4185b44cb449e1d2d205b45a80) Importer(815301076,1909f56bfc062723c751e8b465ee728b)
Start importing Assets/Enemy/Prefab/BlueEnemy.prefab using Guid(7921fc4185b44cb449e1d2d205b45a80) Importer(815301076,1909f56bfc062723c751e8b465ee728b)  -> (artifact id: '30fac09e6d318011d8dfe34883f3d953') in 0.023942 seconds 
========================================================================
Received Import Request.
  Time since last request: 55.236652 seconds.
  path: Assets/Enemy/Metireal
  artifactKey: Guid(4c2896788b3ef7d44bcc66434e8b2343) Importer(815301076,1909f56bfc062723c751e8b465ee728b)
Start importing Assets/Enemy/Metireal using Guid(4c2896788b3ef7d44bcc66434e8b2343) Importer(815301076,1909f56bfc062723c751e8b465ee728b)  -> (artifact id: '271f1d2cb8c1fb39a5a50aa2cec345c0') in 0.015408 seconds 
========================================================================
Received Import Request.
  Time since last request: 18.280962 seconds.
  path: Assets/Enemy/Meterial
  artifactKey: Guid(4c2896788b3ef7d44bcc66434e8b2343) Importer(815301076,1909f56bfc062723c751e8b465ee728b)
Start importing Assets/Enemy/Meterial using Guid(4c2896788b3ef7d44bcc66434e8b2343) Importer(815301076,1909f56bfc062723c751e8b465ee728b)  -> (artifact id: '4966640087691bba3ad0b2e5c8e6686e') in 0.012727 seconds 
========================================================================
Received Import Request.
  Time since last request: 12.425779 seconds.
  path: Assets/Enviroment/Material
  artifactKey: Guid(1884ac5fe917e0f49894ee38ca929425) Importer(815301076,1909f56bfc062723c751e8b465ee728b)
Start importing Assets/Enviroment/Material using Guid(1884ac5fe917e0f49894ee38ca929425) Importer(815301076,1909f56bfc062723c751e8b465ee728b)  -> (artifact id: '38da38ae564f71983f940abbe6d8d74e') in 0.014268 seconds 
========================================================================
Received Import Request.
  Time since last request: 11.253268 seconds.
  path: Assets/Player/MMaterial
  artifactKey: Guid(0720393ef2059204f92bd411e84fc98a) Importer(815301076,1909f56bfc062723c751e8b465ee728b)
Start importing Assets/Player/MMaterial using Guid(0720393ef2059204f92bd411e84fc98a) Importer(815301076,1909f56bfc062723c751e8b465ee728b)  -> (artifact id: '064ddcd063b7e98705c3121fe90ba8db') in 0.014023 seconds 
========================================================================
Received Import Request.
  Time since last request: 9.895434 seconds.
  path: Assets/Player/Prefab
  artifactKey: Guid(274abe904cff5b34e9e444627af70fe0) Importer(815301076,1909f56bfc062723c751e8b465ee728b)
Start importing Assets/Player/Prefab using Guid(274abe904cff5b34e9e444627af70fe0) Importer(815301076,1909f56bfc062723c751e8b465ee728b)  -> (artifact id: '24e7f77d3de9a00d8d18f606e6274ed7') in 0.003047 seconds 
========================================================================
Received Import Request.
  Time since last request: 2.904040 seconds.
  path: Assets/Player/Prefab/Player.prefab
  artifactKey: Guid(eead2d2829e0e884698ed4d33d13aacf) Importer(815301076,1909f56bfc062723c751e8b465ee728b)
Start importing Assets/Player/Prefab/Player.prefab using Guid(eead2d2829e0e884698ed4d33d13aacf) Importer(815301076,1909f56bfc062723c751e8b465ee728b)  -> (artifact id: '4025cbd7622bfae12928a9311dd6f902') in 0.024820 seconds 
========================================================================
Received Import Request.
  Time since last request: 7.606304 seconds.
  path: Assets/Player/Script
  artifactKey: Guid(f6add3759bfb0ae43af09235de1e2093) Importer(815301076,1909f56bfc062723c751e8b465ee728b)
Start importing Assets/Player/Script using Guid(f6add3759bfb0ae43af09235de1e2093) Importer(815301076,1909f56bfc062723c751e8b465ee728b)  -> (artifact id: 'cc2f9132413729bcfdbf191b5ee6bea2') in 0.013951 seconds 
========================================================================
Received Import Request.
  Time since last request: 11.845692 seconds.
  path: Assets/Enemy/Script
  artifactKey: Guid(45a30e13ededad54d91645bd58d6bfa5) Importer(815301076,1909f56bfc062723c751e8b465ee728b)
Start importing Assets/Enemy/Script using Guid(45a30e13ededad54d91645bd58d6bfa5) Importer(815301076,1909f56bfc062723c751e8b465ee728b)  -> (artifact id: '07e953151316ccef7361c6e4cd5d33a4') in 0.008963 seconds 
========================================================================
Received Import Request.
  Time since last request: 116.568164 seconds.
  path: Assets/Player/Script/PlayerController.cs
  artifactKey: Guid(b3ee12ddb94801243b2a8485ac1f3372) Importer(815301076,1909f56bfc062723c751e8b465ee728b)
Start importing Assets/Player/Script/PlayerController.cs using Guid(b3ee12ddb94801243b2a8485ac1f3372) Importer(815301076,1909f56bfc062723c751e8b465ee728b)  -> (artifact id: '6ba2d2ad09e91f8bb4934bb3680a4525') in 0.072135 seconds 
========================================================================
Received Prepare
Registering precompiled user dll's ...
Registered in 0.007572 seconds.
Begin MonoManager ReloadAssembly
Native extension for WindowsStandalone target not found
Native extension for Android target not found
Refreshing native plugins compatible for Editor in 1.91 ms, found 2 plugins.
Preloading 0 native plugins for Editor in 0.00 ms.
Mono: successfully reloaded assembly
- Completed reload, in  8.671 seconds
Domain Reload Profiling:
	ReloadAssembly (8674ms)
		BeginReloadAssembly (880ms)
			ExecutionOrderSort (0ms)
			DisableScriptedObjects (30ms)
			BackupInstance (0ms)
			ReleaseScriptingObjects (0ms)
			CreateAndSetChildDomain (170ms)
		EndReloadAssembly (6714ms)
			LoadAssemblies (821ms)
			RebuildTransferFunctionScriptingTraits (1ms)
			SetupTypeCache (1915ms)
			ReleaseScriptCaches (5ms)
			RebuildScriptCaches (537ms)
			SetupLoadedEditorAssemblies (3407ms)
				LogAssemblyErrors (0ms)
				InitializePlatformSupportModulesInManaged (102ms)
				SetLoadedEditorAssemblies (3ms)
				RefreshPlugins (2ms)
				BeforeProcessingInitializeOnLoad (459ms)
				ProcessInitializeOnLoadAttributes (1538ms)
				ProcessInitializeOnLoadMethodAttributes (1290ms)
				AfterProcessingInitializeOnLoad (12ms)
				EditorAssembliesLoaded (0ms)
			ExecutionOrderSort2 (0ms)
			AwakeInstancesAfterBackupRestoration (72ms)
Platform modules already initialized, skipping
Refreshing native plugins compatible for Editor in 14.71 ms, found 2 plugins.
Preloading 0 native plugins for Editor in 0.00 ms.
Unloading 2467 Unused Serialized files (Serialized files now loaded: 0)
Unloading 49 unused Assets / (120.9 KB). Loaded Objects now: 2968.
Memory consumption went from 99.5 MB to 99.4 MB.
Total: 21.536300 ms (FindLiveObjects: 1.373800 ms CreateObjectMapping: 0.266300 ms MarkObjects: 19.736400 ms  DeleteObjects: 0.156200 ms)

AssetImportParameters requested are different than current active one (requested -> active):
  custom:video-decoder-ogg-theora: a1e56fd34408186e4bbccfd4996cb3dc -> 
  custom:container-muxer-webm: aa71ff27fc2769a1b78a27578f13a17b -> 
  custom:container-demuxer-webm: 4f35f7cbe854078d1ac9338744f61a02 -> 
  custom:video-encoder-webm-vp8: eb34c28f22e8b96e1ab97ce403110664 -> 
  custom:audio-encoder-webm-vorbis: bf7c407c2cedff20999df2af8eb42d56 -> 
  custom:framework-win-MediaFoundation: 216162199b28c13a410421893ffa2e32 -> 
  custom:container-demuxer-ogg: 62fdf1f143b41e24485cea50d1cbac27 -> 
  custom:video-decoder-webm-vp8: 9c59270c3fd7afecdb556c50c9e8de78 -> 
  custom:audio-decoder-ogg-vorbis: bf7c407c2cedff20999df2af8eb42d56 -> 
========================================================================
Received Import Request.
  Time since last request: 675.474869 seconds.
  path: Assets/Player/Prefab/Player.prefab
  artifactKey: Guid(eead2d2829e0e884698ed4d33d13aacf) Importer(815301076,1909f56bfc062723c751e8b465ee728b)
Start importing Assets/Player/Prefab/Player.prefab using Guid(eead2d2829e0e884698ed4d33d13aacf) Importer(815301076,1909f56bfc062723c751e8b465ee728b)  -> (artifact id: 'ce10c11a2c66b34433f703ae74cc104c') in 0.158493 seconds 
